Build started 10/7/2025 7:38:58 PM.
     1>Project "C:\Users\Zayed\OneDrive\Documents\GitHub\OUTERN-The-Bloody-Escape\OUTERN_The Bloody Escape\OUTERN_The Bloody Escape\OUTERN_The Bloody Escape.vcxproj" on node 2 (Build target(s)).
     1>Link:
         F:\Y1S1\VC\bin\link.exe /ERRORREPORT:PROMPT /OUT:"C:\Users\Zayed\OneDrive\Documents\GitHub\OUTERN-The-Bloody-Escape\OUTERN_The Bloody Escape\Release\OUTERN_The Bloody Escape.exe" /NOLOGO kernel32.lib user32.lib gdi32.lib winspool.lib comdlg32.lib advapi32.lib shell32.lib ole32.lib oleaut32.lib uuid.lib odbc32.lib odbccp32.lib /MANIFEST /MANIFESTUAC:"level='asInvoker' uiAccess='false'" /manifest:embed /DEBUG /PDB:"C:\Users\Zayed\OneDrive\Documents\GitHub\OUTERN-The-Bloody-Escape\OUTERN_The Bloody Escape\Release\OUTERN_The Bloody Escape.pdb" /OPT:REF /OPT:ICF /LTCG /TLBID:1 /DYNAMICBASE /NXCOMPAT /IMPLIB:"C:\Users\Zayed\OneDrive\Documents\GitHub\OUTERN-The-Bloody-Escape\OUTERN_The Bloody Escape\Release\OUTERN_The Bloody Escape.lib" /MACHINE:X86 /SAFESEH Release\iMain.obj
         Generating code
         Finished generating code
     1>glaux.lib(image.obj) : error LNK2026: module unsafe for SAFESEH image.
     1>glaux.lib(tkimage.obj) : error LNK2026: module unsafe for SAFESEH image.
     1>glaux.lib(tkdib.obj) : error LNK2026: module unsafe for SAFESEH image.
     1>glaux.lib(tk.obj) : error LNK2026: module unsafe for SAFESEH image.
     1>C:\Users\Zayed\OneDrive\Documents\GitHub\OUTERN-The-Bloody-Escape\OUTERN_The Bloody Escape\Release\OUTERN_The Bloody Escape.exe : fatal error LNK1281: Unable to generate SAFESEH image.
     1>Done Building Project "C:\Users\Zayed\OneDrive\Documents\GitHub\OUTERN-The-Bloody-Escape\OUTERN_The Bloody Escape\OUTERN_The Bloody Escape\OUTERN_The Bloody Escape.vcxproj" (Build target(s)) -- FAILED.

Build FAILED.

Time Elapsed 00:00:00.64
